# JRE version: Java(TM) SE Runtime Environment (16.0.1+9) (build 16.0.1+9-24)
# Java VM: Java HotSpot(TM) 64-Bit Server VM (16.0.1+9-24, mixed mode, sharing, tiered, compressed oops, compressed class ptrs, parallel gc, windows-amd64)
GC Precious Log:
 CPUs: 8 total, 8 available
 Memory: 7975M
 Large Page Support: Disabled
 NUMA Support: Disabled
 Compressed Oops: Enabled (32-bit)
 Alignments: Space 512K, Generation 512K, Heap 2M
 Heap Min Capacity: 100M
 Heap Initial Capacity: 100M
 Heap Max Capacity: 1G
 Pre-touch: Disabled
 Parallel Workers: 8
Heap:
 PSYoungGen      total 9728K, used 9693K [0x00000000eab00000, 0x00000000ebc00000, 0x0000000100000000)
  eden space 5632K, 99% used [0x00000000eab00000,0x00000000eb078808,0x00000000eb080000)
  from space 4096K, 99% used [0x00000000eb600000,0x00000000eb9fed28,0x00000000eba00000)
  to   space 5632K, 0% used [0x00000000eb080000,0x00000000eb080000,0x00000000eb600000)
 ParOldGen       total 114176K, used 90301K [0x00000000c0000000, 0x00000000c6f80000, 0x00000000eab00000)
  object space 114176K, 79% used [0x00000000c0000000,0x00000000c582f598,0x00000000c6f80000)
 Metaspace       used 60303K, committed 61248K, reserved 1105920K
  class space    used 6144K, committed 6528K, reserved 1048576K
GC Heap History (20 events):
Event: 89.639 GC heap before
{Heap before GC invocations=57 (full 4):
 PSYoungGen      total 15872K, used 15744K [0x00000000eab00000, 0x00000000ec080000, 0x0000000100000000)
  eden space 11776K, 100% used [0x00000000eab00000,0x00000000eb680000,0x00000000eb680000)
  from space 4096K, 96% used [0x00000000ebc80000,0x00000000ec060040,0x00000000ec080000)
  to   space 4096K, 0% used [0x00000000eb880000,0x00000000eb880000,0x00000000ebc80000)
 ParOldGen       total 112128K, used 108007K [0x00000000c0000000, 0x00000000c6d80000, 0x00000000eab00000)
  object space 112128K, 96% used [0x00000000c0000000,0x00000000c6979e08,0x00000000c6d80000)
 Metaspace       used 59558K, committed 60480K, reserved 1105920K
  class space    used 6089K, committed 6464K, reserved 1048576K
}
Event: 89.641 GC heap after
{Heap after GC invocations=57 (full 4):
 PSYoungGen      total 15872K, used 4064K [0x00000000eab00000, 0x00000000ec080000, 0x0000000100000000)
  eden space 11776K, 0% used [0x00000000eab00000,0x00000000eab00000,0x00000000eb680000)
  from space 4096K, 99% used [0x00000000eb880000,0x00000000ebc78080,0x00000000ebc80000)
  to   space 4096K, 0% used [0x00000000ebc80000,0x00000000ebc80000,0x00000000ec080000)
 ParOldGen       total 112128K, used 108601K [0x00000000c0000000, 0x00000000c6d80000, 0x00000000eab00000)
  object space 112128K, 96% used [0x00000000c0000000,0x00000000c6a0e460,0x00000000c6d80000)
 Metaspace       used 59558K, committed 60480K, reserved 1105920K
  class space    used 6089K, committed 6464K, reserved 1048576K
}
Event: 104.666 GC heap before
{Heap before GC invocations=58 (full 4):
 PSYoungGen      total 15872K, used 15840K [0x00000000eab00000, 0x00000000ec080000, 0x0000000100000000)
  eden space 11776K, 100% used [0x00000000eab00000,0x00000000eb680000,0x00000000eb680000)
  from space 4096K, 99% used [0x00000000eb880000,0x00000000ebc78080,0x00000000ebc80000)
  to   space 4096K, 0% used [0x00000000ebc80000,0x00000000ebc80000,0x00000000ec080000)
 ParOldGen       total 112128K, used 108601K [0x00000000c0000000, 0x00000000c6d80000, 0x00000000eab00000)
  object space 112128K, 96% used [0x00000000c0000000,0x00000000c6a0e460,0x00000000c6d80000)
 Metaspace       used 59701K, committed 60608K, reserved 1105920K
  class space    used 6093K, committed 6464K, reserved 1048576K
}
Event: 104.669 GC heap after
{Heap after GC invocations=58 (full 4):
 PSYoungGen      total 12800K, used 4076K [0x00000000eab00000, 0x00000000ec880000, 0x0000000100000000)
  eden space 8704K, 0% used [0x00000000eab00000,0x00000000eab00000,0x00000000eb380000)
  from space 4096K, 99% used [0x00000000ebc80000,0x00000000ec07b3a8,0x00000000ec080000)
  to   space 9216K, 0% used [0x00000000eb380000,0x00000000eb380000,0x00000000ebc80000)
 ParOldGen       total 116224K, used 112848K [0x00000000c0000000, 0x00000000c7180000, 0x00000000eab00000)
  object space 116224K, 97% used [0x00000000c0000000,0x00000000c6e34118,0x00000000c7180000)
 Metaspace       used 59701K, committed 60608K, reserved 1105920K
  class space    used 6093K, committed 6464K, reserved 1048576K
}
Event: 104.669 GC heap before
{Heap before GC invocations=59 (full 5):
 PSYoungGen      total 12800K, used 4076K [0x00000000eab00000, 0x00000000ec880000, 0x0000000100000000)
  eden space 8704K, 0% used [0x00000000eab00000,0x00000000eab00000,0x00000000eb380000)
  from space 4096K, 99% used [0x00000000ebc80000,0x00000000ec07b3a8,0x00000000ec080000)
  to   space 9216K, 0% used [0x00000000eb380000,0x00000000eb380000,0x00000000ebc80000)
 ParOldGen       total 116224K, used 112848K [0x00000000c0000000, 0x00000000c7180000, 0x00000000eab00000)
  object space 116224K, 97% used [0x00000000c0000000,0x00000000c6e34118,0x00000000c7180000)
 Metaspace       used 59701K, committed 60608K, reserved 1105920K
  class space    used 6093K, committed 6464K, reserved 1048576K
}
Event: 104.743 GC heap after
{Heap after GC invocations=59 (full 5):
 PSYoungGen      total 17920K, used 0K [0x00000000eab00000, 0x00000000ec580000, 0x0000000100000000)
  eden space 8704K, 0% used [0x00000000eab00000,0x00000000eab00000,0x00000000eb380000)
  from space 9216K, 0% used [0x00000000eb380000,0x00000000eb380000,0x00000000ebc80000)
  to   space 9216K, 0% used [0x00000000ebc80000,0x00000000ebc80000,0x00000000ec580000)
 ParOldGen       total 114176K, used 84918K [0x00000000c0000000, 0x00000000c6f80000, 0x00000000eab00000)
  object space 114176K, 74% used [0x00000000c0000000,0x00000000c52eda00,0x00000000c6f80000)
 Metaspace       used 59701K, committed 60608K, reserved 1105920K
  class space    used 6093K, committed 6464K, reserved 1048576K
}
Event: 104.873 GC heap before
{Heap before GC invocations=60 (full 5):
 PSYoungGen      total 17920K, used 8704K [0x00000000eab00000, 0x00000000ec580000, 0x0000000100000000)
  eden space 8704K, 100% used [0x00000000eab00000,0x00000000eb380000,0x00000000eb380000)
  from space 9216K, 0% used [0x00000000eb380000,0x00000000eb380000,0x00000000ebc80000)
  to   space 9216K, 0% used [0x00000000ebc80000,0x00000000ebc80000,0x00000000ec580000)
 ParOldGen       total 114176K, used 84918K [0x00000000c0000000, 0x00000000c6f80000, 0x00000000eab00000)
  object space 114176K, 74% used [0x00000000c0000000,0x00000000c52eda00,0x00000000c6f80000)
 Metaspace       used 59702K, committed 60608K, reserved 1105920K
  class space    used 6093K, committed 6464K, reserved 1048576K
}
Event: 104.875 GC heap after
{Heap after GC invocations=60 (full 5):
 PSYoungGen      total 10752K, used 1984K [0x00000000eab00000, 0x00000000ebe80000, 0x0000000100000000)
  eden space 8704K, 0% used [0x00000000eab00000,0x00000000eab00000,0x00000000eb380000)
  from space 2048K, 96% used [0x00000000ebc80000,0x00000000ebe70000,0x00000000ebe80000)
  to   space 4608K, 0% used [0x00000000eb580000,0x00000000eb580000,0x00000000eba00000)
 ParOldGen       total 114176K, used 84918K [0x00000000c0000000, 0x00000000c6f80000, 0x00000000eab00000)
  object space 114176K, 74% used [0x00000000c0000000,0x00000000c52eda00,0x00000000c6f80000)
 Metaspace       used 59702K, committed 60608K, reserved 1105920K
  class space    used 6093K, committed 6464K, reserved 1048576K
}
Event: 105.091 GC heap before
{Heap before GC invocations=61 (full 5):
 PSYoungGen      total 10752K, used 10688K [0x00000000eab00000, 0x00000000ebe80000, 0x0000000100000000)
  eden space 8704K, 100% used [0x00000000eab00000,0x00000000eb380000,0x00000000eb380000)
  from space 2048K, 96% used [0x00000000ebc80000,0x00000000ebe70000,0x00000000ebe80000)
  to   space 4608K, 0% used [0x00000000eb580000,0x00000000eb580000,0x00000000eba00000)
 ParOldGen       total 114176K, used 84918K [0x00000000c0000000, 0x00000000c6f80000, 0x00000000eab00000)
  object space 114176K, 74% used [0x00000000c0000000,0x00000000c52eda00,0x00000000c6f80000)
 Metaspace       used 60033K, committed 60928K, reserved 1105920K
  class space    used 6135K, committed 6528K, reserved 1048576K
}
Event: 105.094 GC heap after
{Heap after GC invocations=61 (full 5):
 PSYoungGen      total 12800K, used 3721K [0x00000000eab00000, 0x00000000ebd00000, 0x0000000100000000)
  eden space 8704K, 0% used [0x00000000eab00000,0x00000000eab00000,0x00000000eb380000)
  from space 4096K, 90% used [0x00000000eb580000,0x00000000eb922700,0x00000000eb980000)
  to   space 3584K, 0% used [0x00000000eb980000,0x00000000eb980000,0x00000000ebd00000)
 ParOldGen       total 114176K, used 84918K [0x00000000c0000000, 0x00000000c6f80000, 0x00000000eab00000)
  object space 114176K, 74% used [0x00000000c0000000,0x00000000c52eda00,0x00000000c6f80000)
 Metaspace       used 60033K, committed 60928K, reserved 1105920K
  class space    used 6135K, committed 6528K, reserved 1048576K
}
Event: 105.175 GC heap before
{Heap before GC invocations=62 (full 5):
 PSYoungGen      total 12800K, used 12425K [0x00000000eab00000, 0x00000000ebd00000, 0x0000000100000000)
  eden space 8704K, 100% used [0x00000000eab00000,0x00000000eb380000,0x00000000eb380000)
  from space 4096K, 90% used [0x00000000eb580000,0x00000000eb922700,0x00000000eb980000)
  to   space 3584K, 0% used [0x00000000eb980000,0x00000000eb980000,0x00000000ebd00000)
 ParOldGen       total 114176K, used 84918K [0x00000000c0000000, 0x00000000c6f80000, 0x00000000eab00000)
  object space 114176K, 74% used [0x00000000c0000000,0x00000000c52eda00,0x00000000c6f80000)
 Metaspace       used 60033K, committed 60928K, reserved 1105920K
  class space    used 6135K, committed 6528K, reserved 1048576K
}
Event: 105.179 GC heap after
{Heap after GC invocations=62 (full 5):
 PSYoungGen      total 9728K, used 3564K [0x00000000eab00000, 0x00000000ec480000, 0x0000000100000000)
  eden space 6144K, 0% used [0x00000000eab00000,0x00000000eab00000,0x00000000eb100000)
  from space 3584K, 99% used [0x00000000eb980000,0x00000000ebcfb388,0x00000000ebd00000)
  to   space 8704K, 0% used [0x00000000eb100000,0x00000000eb100000,0x00000000eb980000)
 ParOldGen       total 114176K, used 89059K [0x00000000c0000000, 0x00000000c6f80000, 0x00000000eab00000)
  object space 114176K, 78% used [0x00000000c0000000,0x00000000c56f8d78,0x00000000c6f80000)
 Metaspace       used 60033K, committed 60928K, reserved 1105920K
  class space    used 6135K, committed 6528K, reserved 1048576K
}
Event: 105.219 GC heap before
{Heap before GC invocations=63 (full 5):
 PSYoungGen      total 9728K, used 9708K [0x00000000eab00000, 0x00000000ec480000, 0x0000000100000000)
  eden space 6144K, 100% used [0x00000000eab00000,0x00000000eb100000,0x00000000eb100000)
  from space 3584K, 99% used [0x00000000eb980000,0x00000000ebcfb388,0x00000000ebd00000)
  to   space 8704K, 0% used [0x00000000eb100000,0x00000000eb100000,0x00000000eb980000)
 ParOldGen       total 114176K, used 89059K [0x00000000c0000000, 0x00000000c6f80000, 0x00000000eab00000)
  object space 114176K, 78% used [0x00000000c0000000,0x00000000c56f8d78,0x00000000c6f80000)
 Metaspace       used 60033K, committed 60928K, reserved 1105920K
  class space    used 6135K, committed 6528K, reserved 1048576K
}
Event: 105.222 GC heap after
{Heap after GC invocations=63 (full 5):
 PSYoungGen      total 11776K, used 5545K [0x00000000eab00000, 0x00000000ebe00000, 0x0000000100000000)
  eden space 6144K, 0% used [0x00000000eab00000,0x00000000eab00000,0x00000000eb100000)
  from space 5632K, 98% used [0x00000000eb100000,0x00000000eb66a700,0x00000000eb680000)
  to   space 6656K, 0% used [0x00000000eb780000,0x00000000eb780000,0x00000000ebe00000)
 ParOldGen       total 114176K, used 89059K [0x00000000c0000000, 0x00000000c6f80000, 0x00000000eab00000)
  object space 114176K, 78% used [0x00000000c0000000,0x00000000c56f8d78,0x00000000c6f80000)
 Metaspace       used 60033K, committed 60928K, reserved 1105920K
  class space    used 6135K, committed 6528K, reserved 1048576K
}
Event: 105.653 GC heap before
{Heap before GC invocations=64 (full 5):
 PSYoungGen      total 11776K, used 11689K [0x00000000eab00000, 0x00000000ebe00000, 0x0000000100000000)
  eden space 6144K, 99% used [0x00000000eab00000,0x00000000eb0fffe0,0x00000000eb100000)
  from space 5632K, 98% used [0x00000000eb100000,0x00000000eb66a700,0x00000000eb680000)
  to   space 6656K, 0% used [0x00000000eb780000,0x00000000eb780000,0x00000000ebe00000)
 ParOldGen       total 114176K, used 89059K [0x00000000c0000000, 0x00000000c6f80000, 0x00000000eab00000)
  object space 114176K, 78% used [0x00000000c0000000,0x00000000c56f8d78,0x00000000c6f80000)
 Metaspace       used 60069K, committed 60992K, reserved 1105920K
  class space    used 6135K, committed 6528K, reserved 1048576K
}
Event: 105.655 GC heap after
{Heap after GC invocations=64 (full 5):
 PSYoungGen      total 9216K, used 3056K [0x00000000eab00000, 0x00000000eba80000, 0x0000000100000000)
  eden space 6144K, 0% used [0x00000000eab00000,0x00000000eab00000,0x00000000eb100000)
  from space 3072K, 99% used [0x00000000eb780000,0x00000000eba7c010,0x00000000eba80000)
  to   space 4608K, 0% used [0x00000000eb180000,0x00000000eb180000,0x00000000eb600000)
 ParOldGen       total 114176K, used 89059K [0x00000000c0000000, 0x00000000c6f80000, 0x00000000eab00000)
  object space 114176K, 78% used [0x00000000c0000000,0x00000000c56f8d78,0x00000000c6f80000)
 Metaspace       used 60069K, committed 60992K, reserved 1105920K
  class space    used 6135K, committed 6528K, reserved 1048576K
}
Event: 105.781 GC heap before
{Heap before GC invocations=65 (full 5):
 PSYoungGen      total 9216K, used 9200K [0x00000000eab00000, 0x00000000eba80000, 0x0000000100000000)
  eden space 6144K, 100% used [0x00000000eab00000,0x00000000eb100000,0x00000000eb100000)
  from space 3072K, 99% used [0x00000000eb780000,0x00000000eba7c010,0x00000000eba80000)
  to   space 4608K, 0% used [0x00000000eb180000,0x00000000eb180000,0x00000000eb600000)
 ParOldGen       total 114176K, used 89059K [0x00000000c0000000, 0x00000000c6f80000, 0x00000000eab00000)
  object space 114176K, 78% used [0x00000000c0000000,0x00000000c56f8d78,0x00000000c6f80000)
 Metaspace       used 60237K, committed 61184K, reserved 1105920K
  class space    used 6144K, committed 6528K, reserved 1048576K
}
Event: 105.784 GC heap after
{Heap after GC invocations=65 (full 5):
 PSYoungGen      total 10752K, used 4309K [0x00000000eab00000, 0x00000000eba00000, 0x0000000100000000)
  eden space 6144K, 0% used [0x00000000eab00000,0x00000000eab00000,0x00000000eb100000)
  from space 4608K, 93% used [0x00000000eb180000,0x00000000eb5b5750,0x00000000eb600000)
  to   space 4096K, 0% used [0x00000000eb600000,0x00000000eb600000,0x00000000eba00000)
 ParOldGen       total 114176K, used 89067K [0x00000000c0000000, 0x00000000c6f80000, 0x00000000eab00000)
  object space 114176K, 78% used [0x00000000c0000000,0x00000000c56fad78,0x00000000c6f80000)
 Metaspace       used 60237K, committed 61184K, reserved 1105920K
  class space    used 6144K, committed 6528K, reserved 1048576K
}
Event: 105.847 GC heap before
{Heap before GC invocations=66 (full 5):
 PSYoungGen      total 10752K, used 10453K [0x00000000eab00000, 0x00000000eba00000, 0x0000000100000000)
  eden space 6144K, 100% used [0x00000000eab00000,0x00000000eb100000,0x00000000eb100000)
  from space 4608K, 93% used [0x00000000eb180000,0x00000000eb5b5750,0x00000000eb600000)
  to   space 4096K, 0% used [0x00000000eb600000,0x00000000eb600000,0x00000000eba00000)
 ParOldGen       total 114176K, used 89067K [0x00000000c0000000, 0x00000000c6f80000, 0x00000000eab00000)
  object space 114176K, 78% used [0x00000000c0000000,0x00000000c56fad78,0x00000000c6f80000)
 Metaspace       used 60277K, committed 61248K, reserved 1105920K
  class space    used 6144K, committed 6528K, reserved 1048576K
}
Event: 105.850 GC heap after
{Heap after GC invocations=66 (full 5):
 PSYoungGen      total 9728K, used 4091K [0x00000000eab00000, 0x00000000ebc00000, 0x0000000100000000)
  eden space 5632K, 0% used [0x00000000eab00000,0x00000000eab00000,0x00000000eb080000)
  from space 4096K, 99% used [0x00000000eb600000,0x00000000eb9fed28,0x00000000eba00000)
  to   space 5632K, 0% used [0x00000000eb080000,0x00000000eb080000,0x00000000eb600000)
 ParOldGen       total 114176K, used 90301K [0x00000000c0000000, 0x00000000c6f80000, 0x00000000eab00000)
  object space 114176K, 79% used [0x00000000c0000000,0x00000000c582f598,0x00000000c6f80000)
 Metaspace       used 60277K, committed 61248K, reserved 1105920K
  class space    used 6144K, committed 6528K, reserved 1048576K
}

